1637092969649	geckodriver	INFO	Listening on 127.0.0.1:63242
1637092972735	mozrunner::runner	INFO	Running command: "C:\\Program Files\\Mozilla Firefox\\firefox.exe" "--marionette" "-no-remote" "-profile" "C:\\Users\\Acer\\AppData\\Local\\Temp\\rust_mozprofilebgoSCR"
1637092973106	Marionette	INFO	Marionette enabled
console.warn: SearchSettings: "get: No settings file exists, new profile?" (new NotFoundError("Could not open the file at C:\\Users\\Acer\\AppData\\Local\\Temp\\rust_mozprofilebgoSCR\\search.json.mozlz4", (void 0)))
1637092974759	Marionette	INFO	Listening on port 63250
1637092974814	RemoteAgent	WARN	TLS certificate errors will be ignored for this session
console.log: WebExtensions: reset-default-search: starting.
console.log: WebExtensions: reset-default-search: No addons in our list are installed.
1637097719782	Marionette	INFO	Stopped listening on port 63250
console.warn: TopSitesFeed: Failed to fetch data from Contile server: NetworkError when attempting to fetch resource.
o-remote" "-profile" "C:\\Users\\Acer\\AppData\\Local\\Temp\\rust_mozprofileVDmPX3"
1637093573343	Marionette	INFO	Marionette enabled
console.warn: SearchSettings: "get: No settings file exists, new profile?" (new NotFoundError("Could not open the file at C:\\Users\\Acer\\AppData\\Local\\Temp\\rust_mozprofileVDmPX3\\search.json.mozlz4", (void 0)))
1637093575072	Marionette	INFO	Listening on port 63409
1637093575152	RemoteAgent	WARN	TLS certificate errors will be ignored for this session
console.log: WebExtensions: reset-default-search: starting.
console.log: WebExtensions: reset-default-search: No addons in our list are installed.
1637097720824	Marionette	INFO	Stopped listening on port 63409
console.warn: TopSitesFeed: Failed to fetch data from Contile server: NetworkError when attempting to fetch resource.
[Parent 18280, IPC I/O Parent] WARNING: file /builds/worker/checkouts/gecko/ipc/chromium/src/base/process_util_win.cc:167
